BEGIN;
BEGIN
EXPLAIN (ANALYZE, BUFFERS)
select
	supp_nation,
	cust_nation,
	l_year,
	sum(volume) as revenue
from
	(
		select
			n1.n_name as supp_nation,
			n2.n_name as cust_nation,
			extract(year from l_shipdate) as l_year,
			l_extendedprice * (1 - l_discount) as volume
		from
			supplier,
			lineitem,
			orders,
			customer,
			nation n1,
			nation n2
		where
			s_suppkey = l_suppkey
			and o_orderkey = l_orderkey
			and c_custkey = o_custkey
			and s_nationkey = n1.n_nationkey
			and c_nationkey = n2.n_nationkey
			and (
				(n1.n_name = 'JAPAN' and n2.n_name = 'ALGERIA')
				or (n1.n_name = 'ALGERIA' and n2.n_name = 'JAPAN')
			)
			and l_shipdate between date '1995-01-01' and date '1996-12-31'
	) as shipping
group by
	supp_nation,
	cust_nation,
	l_year
order by
	supp_nation,
	cust_nation,
	l_year;
                                                                                                 QUERY PLAN                                                                                                  
-------------------------------------------------------------------------------------------------------------------------------------------------------------------------------------------------------------
 GroupAggregate  (cost=2371885.30..2373799.98 rows=58913 width=64) (actual time=98726.071..98758.858 rows=4 loops=1)
   Buffers: shared hit=1084604 read=353993 written=1071
   ->  Sort  (cost=2371885.30..2372032.59 rows=58913 width=64) (actual time=98714.186..98724.807 rows=57795 loops=1)
         Sort Key: n1.n_name, n2.n_name, (date_part('year'::text, (lineitem.l_shipdate)::timestamp without time zone))
         Sort Method: quicksort  Memory: 9664kB
         Buffers: shared hit=1084604 read=353993 written=1071
         ->  Hash Join  (cost=900633.60..2367217.54 rows=58913 width=64) (actual time=49067.117..98404.328 rows=57795 loops=1)
               Hash Cond: ((lineitem.l_suppkey = supplier.s_suppkey) AND (n1.n_nationkey = supplier.s_nationkey))
               Buffers: shared hit=1084596 read=353993 written=1071
               ->  Hash Join  (cost=895954.60..2332198.36 rows=1472824 width=72) (actual time=48930.951..94625.237 rows=1456734 loops=1)
                     Hash Cond: (lineitem.l_orderkey = orders.o_orderkey)
                     Buffers: shared hit=1082414 read=353993 written=1071
                     ->  Bitmap Heap Scan on lineitem  (cost=388955.50..1741377.11 rows=18425041 width=20) (actual time=15542.779..39280.462 rows=18246199 loops=1)
                           Recheck Cond: ((l_shipdate >= '1995-01-01'::date) AND (l_shipdate <= '1996-12-31'::date))
                           Buffers: shared hit=813529 read=308720 written=1037
                           ->  Bitmap Index Scan on lineitem_l_shipdate_l_suppkey__idx  (cost=0.00..384349.24 rows=18425041 width=0) (actual time=14887.902..14887.902 rows=18410988 loops=1)
                                 Index Cond: ((l_shipdate >= '1995-01-01'::date) AND (l_shipdate <= '1996-12-31'::date))
                                 Buffers: shared hit=6140 read=43675
                     ->  Hash  (cost=491861.27..491861.27 rows=1211027 width=60) (actual time=33387.243..33387.243 rows=1199298 loops=1)
                           Buckets: 131072  Batches: 1  Memory Usage: 107750kB
                           Buffers: shared hit=268885 read=45273 written=34
                           ->  Hash Join  (cost=15638.06..491861.27 rows=1211027 width=60) (actual time=585.733..32474.739 rows=1199298 loops=1)
                                 Hash Cond: (orders.o_custkey = customer.c_custkey)
                                 Buffers: shared hit=268885 read=45273 written=34
                                 ->  Seq Scan on orders  (cost=0.00..407300.59 rows=15149959 width=8) (actual time=0.026..7020.009 rows=15015000 loops=1)
                                       Buffers: shared hit=210693 read=45108 written=34
                                 ->  Hash  (cost=14139.26..14139.26 rows=119904 width=60) (actual time=585.586..585.586 rows=119673 loops=1)
                                       Buckets: 16384  Batches: 1  Memory Usage: 10752kB
                                       Buffers: shared hit=58192 read=165
                                       ->  Nested Loop  (cost=905.09..14139.26 rows=119904 width=60) (actual time=20.754..501.006 rows=119673 loops=1)
                                             Buffers: shared hit=58192 read=165
                                             ->  Nested Loop  (cost=0.00..28.00 rows=2 width=60) (actual time=0.097..0.494 rows=2 loops=1)
                                                   Join Filter: (((n1.n_name = 'JAPAN'::bpchar) AND (n2.n_name = 'ALGERIA'::bpchar)) OR ((n1.n_name = 'ALGERIA'::bpchar) AND (n2.n_name = 'JAPAN'::bpchar)))
                                                   Rows Removed by Join Filter: 623
                                                   Buffers: shared hit=3
                                                   ->  Index Scan using pk_nation on nation n1  (cost=0.00..12.63 rows=25 width=30) (actual time=0.026..0.049 rows=25 loops=1)
                                                         Buffers: shared hit=2
                                                   ->  Materialize  (cost=0.00..1.38 rows=25 width=30) (actual time=0.001..0.005 rows=25 loops=25)
                                                         Buffers: shared hit=1
                                                         ->  Seq Scan on nation n2  (cost=0.00..1.25 rows=25 width=30) (actual time=0.007..0.016 rows=25 loops=1)
                                                               Buffers: shared hit=1
                                             ->  Bitmap Heap Scan on customer  (cost=905.09..6455.63 rows=60000 width=8) (actual time=24.177..229.807 rows=59836 loops=2)
                                                   Recheck Cond: (c_nationkey = n2.n_nationkey)
                                                   Buffers: shared hit=58189 read=165
                                                   ->  Bitmap Index Scan on customer_c_nationkey_c_custkey_idx  (cost=0.00..890.09 rows=60000 width=0) (actual time=16.069..16.069 rows=59836 loops=2)
                                                         Index Cond: (c_nationkey = n2.n_nationkey)
                                                         Buffers: shared hit=168 read=165
               ->  Hash  (cost=3179.00..3179.00 rows=100000 width=8) (actual time=133.504..133.504 rows=100000 loops=1)
                     Buckets: 16384  Batches: 1  Memory Usage: 3907kB
                     Buffers: shared hit=2179
                     ->  Seq Scan on supplier  (cost=0.00..3179.00 rows=100000 width=8) (actual time=0.014..90.861 rows=100000 loops=1)
                           Buffers: shared hit=2179
 Total runtime: 98790.257 ms
(53 rows)

COMMIT;
COMMIT
