BEGIN;
BEGIN
EXPLAIN
select
	sum(l_extendedprice* (1 - l_discount)) as revenue
from
	lineitem,
	part
where
	(
		p_partkey = l_partkey
		and p_brand = 'Brand#34'
		and p_container in ('SM CASE', 'SM BOX', 'SM PACK', 'SM PKG')
		and l_quantity >= 10 and l_quantity <= 10+10
		and p_size between 1 and 5
		and l_shipmode in ('AIR', 'AIR REG')
		and l_shipinstruct = 'DELIVER IN PERSON'
	)
	or
	(
		p_partkey = l_partkey
		and p_brand = 'Brand#34'
		and p_container in ('MED BAG', 'MED BOX', 'MED PKG', 'MED PACK')
		and l_quantity >= 14 and l_quantity <= 14+10
		and p_size between 1 and 10
		and l_shipmode in ('AIR', 'AIR REG')
		and l_shipinstruct = 'DELIVER IN PERSON'
	)
	or
	(
		p_partkey = l_partkey
		and p_brand = 'Brand#23'
		and p_container in ('LG CASE', 'LG BOX', 'LG PACK', 'LG PKG')
		and l_quantity >= 28 and l_quantity <= 28+10
		and p_size between 1 and 15
		and l_shipmode in ('AIR', 'AIR REG')
		and l_shipinstruct = 'DELIVER IN PERSON'
	);
                                                                                                                                                                                                                                                                                                                                                                                                                                                                                                                                                                                                        QUERY PLAN                                                                                                                                                                                                                                                                                                                                                                                                                                                                                                                                                                                                        
--------------------------------------------------------------------------------------------------------------------------------------------------------------------------------------------------------------------------------------------------------------------------------------------------------------------------------------------------------------------------------------------------------------------------------------------------------------------------------------------------------------------------------------------------------------------------------------------------------------------------------------------------------------------------------------------------------------------------------------------------------------------------------------------------------------------------------------------------------------------------------------------------------------------------------------------------------------------------------------------------------------------------------------------------------------------------------------------------------------------------------------------------------------------------------------------------------------------------
 Aggregate  (cost=418000.44..418000.45 rows=1 width=8)
   ->  Nested Loop  (cost=13439.96..417992.88 rows=1008 width=8)
         ->  Bitmap Heap Scan on part  (cost=13439.96..37521.51 rows=10344 width=30)
               Recheck Cond: (((p_container = ANY ('{"SM CASE","SM BOX","SM PACK","SM PKG"}'::bpchar[])) AND (p_brand = 'Brand#34'::bpchar) AND (p_size <= 5) AND (p_size >= 1)) OR ((p_container = ANY ('{"MED BAG","MED BOX","MED PKG","MED PACK"}'::bpchar[])) AND (p_brand = 'Brand#34'::bpchar) AND (p_size <= 10) AND (p_size >= 1)) OR ((p_container = ANY ('{"LG CASE","LG BOX","LG PACK","LG PKG"}'::bpchar[])) AND (p_brand = 'Brand#23'::bpchar)))
               Filter: (p_size >= 1)
               ->  BitmapOr  (cost=13439.96..13439.96 rows=10354 width=0)
                     ->  BitmapAnd  (cost=4460.58..4460.58 rows=794 width=0)
                           ->  Bitmap Index Scan on part_p_container_p_brand_p_partkey_idx  (cost=0.00..289.49 rows=8001 width=0)
                                 Index Cond: ((p_container = ANY ('{"SM CASE","SM BOX","SM PACK","SM PKG"}'::bpchar[])) AND (p_brand = 'Brand#34'::bpchar))
                           ->  Bitmap Index Scan on part_p_size_idx  (cost=0.00..4165.67 rows=198520 width=0)
                                 Index Cond: ((p_size <= 5) AND (p_size >= 1))
                     ->  BitmapAnd  (cost=8687.54..8687.54 rows=1607 width=0)
                           ->  Bitmap Index Scan on part_p_container_p_brand_p_partkey_idx  (cost=0.00..289.85 rows=8036 width=0)
                                 Index Cond: ((p_container = ANY ('{"MED BAG","MED BOX","MED PKG","MED PACK"}'::bpchar[])) AND (p_brand = 'Brand#34'::bpchar))
                           ->  Bitmap Index Scan on part_p_size_idx  (cost=0.00..8392.27 rows=399980 width=0)
                                 Index Cond: ((p_size <= 10) AND (p_size >= 1))
                     ->  Bitmap Index Scan on part_p_container_p_brand_p_partkey_idx  (cost=0.00..289.01 rows=7953 width=0)
                           Index Cond: ((p_container = ANY ('{"LG CASE","LG BOX","LG PACK","LG PKG"}'::bpchar[])) AND (p_brand = 'Brand#23'::bpchar))
         ->  Index Scan using lineitem_l_partkey_l_quantity_l_shipmode_idx on lineitem  (cost=0.00..36.77 rows=1 width=16)
               Index Cond: ((l_partkey = part.p_partkey) AND (l_shipmode = ANY ('{AIR,"AIR REG"}'::bpchar[])))
               Filter: ((l_shipinstruct = 'DELIVER IN PERSON'::bpchar) AND (((l_quantity >= 10::double precision) AND (l_quantity <= 20::double precision) AND (l_shipmode = ANY ('{AIR,"AIR REG"}'::bpchar[]))) OR ((l_quantity >= 14::double precision) AND (l_quantity <= 24::double precision) AND (l_shipmode = ANY ('{AIR,"AIR REG"}'::bpchar[]))) OR ((l_quantity >= 28::double precision) AND (l_quantity <= 38::double precision) AND (l_shipmode = ANY ('{AIR,"AIR REG"}'::bpchar[])))) AND (((part.p_brand = 'Brand#34'::bpchar) AND (part.p_container = ANY ('{"SM CASE","SM BOX","SM PACK","SM PKG"}'::bpchar[])) AND (l_quantity >= 10::double precision) AND (l_quantity <= 20::double precision) AND (part.p_size <= 5)) OR ((part.p_brand = 'Brand#34'::bpchar) AND (part.p_container = ANY ('{"MED BAG","MED BOX","MED PKG","MED PACK"}'::bpchar[])) AND (l_quantity >= 14::double precision) AND (l_quantity <= 24::double precision) AND (part.p_size <= 10)) OR ((part.p_brand = 'Brand#23'::bpchar) AND (part.p_container = ANY ('{"LG CASE","LG BOX","LG PACK","LG PKG"}'::bpchar[])) AND (l_quantity >= 28::double precision) AND (l_quantity <= 38::double precision) AND (part.p_size <= 15))))
(21 rows)

COMMIT;
COMMIT
