BEGIN;
BEGIN
EXPLAIN (ANALYZE, BUFFERS)
select
	s_name,
	s_address
from
	supplier,
	nation
where
	s_suppkey in (
		select
			distinct (ps_suppkey)
		from
			partsupp,
			part
		where
			ps_partkey=p_partkey
			and p_name like 'plum%'
			and ps_availqty > (
				select
					0.5 * sum(l_quantity)
				from
					lineitem
				where
					l_partkey = ps_partkey
					and l_suppkey = ps_suppkey
					and l_shipdate >= '1994-01-01'
					and l_shipdate < cast(date '1994-01-01' + interval '1 year' as date)
			)
	)
	and s_nationkey = n_nationkey
	and n_name = 'CHINA'
order by
	s_name;
                                                                                                  QUERY PLAN                                                                                                   
---------------------------------------------------------------------------------------------------------------------------------------------------------------------------------------------------------------
 Sort  (cost=12740756.53..12740759.47 rows=1175 width=51) (actual time=18344.458..18344.634 rows=1724 loops=1)
   Sort Key: supplier.s_name
   Sort Method: quicksort  Memory: 249kB
   Buffers: shared hit=2700715 read=356341 dirtied=6310 written=24
   ->  Nested Loop  (cost=12736286.90..12740696.61 rows=1175 width=51) (actual time=18075.811..18327.332 rows=1724 loops=1)
         Join Filter: (supplier.s_nationkey = nation.n_nationkey)
         Rows Removed by Join Filter: 42138
         Buffers: shared hit=2700710 read=356341 dirtied=6310 written=24
         ->  Seq Scan on nation  (cost=0.00..1.31 rows=1 width=4) (actual time=0.013..0.023 rows=1 loops=1)
               Filter: (n_name = 'CHINA'::bpchar)
               Rows Removed by Filter: 24
               Buffers: shared hit=1
         ->  Hash Semi Join  (cost=12736286.90..12740328.26 rows=29363 width=55) (actual time=18075.771..18318.299 rows=43862 loops=1)
               Hash Cond: (supplier.s_suppkey = partsupp.ps_suppkey)
               Buffers: shared hit=2700709 read=356341 dirtied=6310 written=24
               ->  Seq Scan on supplier  (cost=0.00..3179.00 rows=100000 width=59) (actual time=0.020..59.816 rows=100000 loops=1)
                     Buffers: shared hit=2179
               ->  Hash  (cost=12735919.86..12735919.86 rows=29363 width=4) (actual time=18075.704..18075.704 rows=43862 loops=1)
                     Buckets: 4096  Batches: 1  Memory Usage: 1543kB
                     Buffers: shared hit=2698530 read=356341 dirtied=6310 written=24
                     ->  HashAggregate  (cost=12735332.60..12735626.23 rows=29363 width=4) (actual time=18024.287..18057.700 rows=43862 loops=1)
                           Buffers: shared hit=2698530 read=356341 dirtied=6310 written=24
                           ->  Nested Loop  (cost=0.00..12735259.19 rows=29363 width=4) (actual time=0.945..17892.954 rows=57899 loops=1)
                                 Buffers: shared hit=2698530 read=356341 dirtied=6310 written=24
                                 ->  Seq Scan on part  (cost=0.00..65522.00 rows=22022 width=4) (actual time=0.093..1480.645 rows=21359 loops=1)
                                       Filter: ((p_name)::text ~~ 'plum%'::text)
                                       Rows Removed by Filter: 1978641
                                       Buffers: shared hit=1 read=40521 written=2
                                 ->  Index Scan using pk_partsupp on partsupp  (cost=0.00..575.31 rows=1 width=8) (actual time=0.576..0.765 rows=3 loops=21359)
                                       Index Cond: (ps_partkey = part.p_partkey)
                                       Filter: ((ps_availqty)::double precision > (SubPlan 1))
                                       Rows Removed by Filter: 1
                                       Buffers: shared hit=2698529 read=315820 dirtied=6310 written=22
                                       SubPlan 1
                                         ->  Aggregate  (cost=140.92..140.94 rows=1 width=4) (actual time=0.176..0.176 rows=1 loops=85436)
                                               Buffers: shared hit=2642637 read=283556 dirtied=6310 written=21
                                               ->  Index Scan using lineitem_l_partkey_l_quantity_l_shipmode_idx on lineitem  (cost=0.00..140.92 rows=1 width=4) (actual time=0.110..0.173 rows=1 loops=85436)
                                                     Index Cond: (l_partkey = partsupp.ps_partkey)
                                                     Filter: ((l_shipdate >= '1994-01-01'::date) AND (l_shipdate < '1995-01-01'::date) AND (l_suppkey = partsupp.ps_suppkey))
                                                     Rows Removed by Filter: 29
                                                     Buffers: shared hit=2642637 read=283556 dirtied=6310 written=21
 Total runtime: 18347.045 ms
(42 rows)

COMMIT;
COMMIT
