BEGIN;
BEGIN
EXPLAIN (ANALYZE, BUFFERS)
select
	s_name,
	s_address
from
	supplier,
	nation
where
	s_suppkey in (
		select
			distinct (ps_suppkey)
		from
			partsupp,
			part
		where
			ps_partkey=p_partkey
			and p_name like 'drab%'
			and ps_availqty > (
				select
					0.5 * sum(l_quantity)
				from
					lineitem
				where
					l_partkey = ps_partkey
					and l_suppkey = ps_suppkey
					and l_shipdate >= '1994-01-01'
					and l_shipdate < cast(date '1994-01-01' + interval '1 year' as date)
			)
	)
	and s_nationkey = n_nationkey
	and n_name = 'ARGENTINA'
order by
	s_name;
                                                                                                  QUERY PLAN                                                                                                   
---------------------------------------------------------------------------------------------------------------------------------------------------------------------------------------------------------------
 Sort  (cost=12740756.53..12740759.47 rows=1175 width=51) (actual time=11484.762..11484.879 rows=1818 loops=1)
   Sort Key: supplier.s_name
   Sort Method: quicksort  Memory: 258kB
   Buffers: shared hit=2698911 read=417759 dirtied=5706 written=9889
   ->  Nested Loop  (cost=12736286.90..12740696.61 rows=1175 width=51) (actual time=11364.587..11476.236 rows=1818 loops=1)
         Join Filter: (supplier.s_nationkey = nation.n_nationkey)
         Rows Removed by Join Filter: 42714
         Buffers: shared hit=2698906 read=417759 dirtied=5706 written=9889
         ->  Seq Scan on nation  (cost=0.00..1.31 rows=1 width=4) (actual time=0.011..0.023 rows=1 loops=1)
               Filter: (n_name = 'ARGENTINA'::bpchar)
               Rows Removed by Filter: 24
               Buffers: shared hit=1
         ->  Hash Semi Join  (cost=12736286.90..12740328.26 rows=29363 width=55) (actual time=11364.452..11471.423 rows=44532 loops=1)
               Hash Cond: (supplier.s_suppkey = partsupp.ps_suppkey)
               Buffers: shared hit=2698905 read=417759 dirtied=5706 written=9889
               ->  Seq Scan on supplier  (cost=0.00..3179.00 rows=100000 width=59) (actual time=0.020..37.894 rows=100000 loops=1)
                     Buffers: shared hit=3 read=2176 written=290
               ->  Hash  (cost=12735919.86..12735919.86 rows=29363 width=4) (actual time=11364.388..11364.388 rows=44532 loops=1)
                     Buckets: 4096  Batches: 1  Memory Usage: 1566kB
                     Buffers: shared hit=2698902 read=415583 dirtied=5706 written=9599
                     ->  HashAggregate  (cost=12735332.60..12735626.23 rows=29363 width=4) (actual time=11333.675..11355.134 rows=44532 loops=1)
                           Buffers: shared hit=2698902 read=415583 dirtied=5706 written=9599
                           ->  Nested Loop  (cost=0.00..12735259.19 rows=29363 width=4) (actual time=1.298..11243.396 rows=58840 loops=1)
                                 Buffers: shared hit=2698902 read=415583 dirtied=5706 written=9599
                                 ->  Seq Scan on part  (cost=0.00..65522.00 rows=22022 width=4) (actual time=0.149..966.325 rows=21685 loops=1)
                                       Filter: ((p_name)::text ~~ 'drab%'::text)
                                       Rows Removed by Filter: 1978315
                                       Buffers: shared hit=2 read=40520 written=1090
                                 ->  Index Scan using pk_partsupp on partsupp  (cost=0.00..575.31 rows=1 width=8) (actual time=0.389..0.472 rows=3 loops=21685)
                                       Index Cond: (ps_partkey = part.p_partkey)
                                       Filter: ((ps_availqty)::double precision > (SubPlan 1))
                                       Rows Removed by Filter: 1
                                       Buffers: shared hit=2698900 read=375063 dirtied=5706 written=8509
                                       SubPlan 1
                                         ->  Aggregate  (cost=140.92..140.94 rows=1 width=4) (actual time=0.110..0.110 rows=1 loops=86740)
                                               Buffers: shared hit=2629844 read=354510 dirtied=5706 written=7929
                                               ->  Index Scan using lineitem_l_partkey_l_quantity_l_shipmode_idx on lineitem  (cost=0.00..140.92 rows=1 width=4) (actual time=0.068..0.109 rows=1 loops=86740)
                                                     Index Cond: (l_partkey = partsupp.ps_partkey)
                                                     Filter: ((l_shipdate >= '1994-01-01'::date) AND (l_shipdate < '1995-01-01'::date) AND (l_suppkey = partsupp.ps_suppkey))
                                                     Rows Removed by Filter: 29
                                                     Buffers: shared hit=2629844 read=354510 dirtied=5706 written=7929
 Total runtime: 11486.570 ms
(42 rows)

COMMIT;
COMMIT
