BEGIN;
BEGIN
EXPLAIN (ANALYZE, BUFFERS)
select
	s_name,
	s_address
from
	supplier,
	nation
where
	s_suppkey in (
		select
			distinct (ps_suppkey)
		from
			partsupp,
			part
		where
			ps_partkey=p_partkey
			and p_name like 'olive%'
			and ps_availqty > (
				select
					0.5 * sum(l_quantity)
				from
					lineitem
				where
					l_partkey = ps_partkey
					and l_suppkey = ps_suppkey
					and l_shipdate >= '1996-01-01'
					and l_shipdate < cast(date '1996-01-01' + interval '1 year' as date)
			)
	)
	and s_nationkey = n_nationkey
	and n_name = 'ROMANIA'
order by
	s_name;
                                                                                                  QUERY PLAN                                                                                                   
---------------------------------------------------------------------------------------------------------------------------------------------------------------------------------------------------------------
 Sort  (cost=12740756.53..12740759.47 rows=1175 width=51) (actual time=22569.173..22569.291 rows=1816 loops=1)
   Sort Key: supplier.s_name
   Sort Method: quicksort  Memory: 260kB
   Buffers: shared hit=2724233 read=383290 dirtied=4448 written=197
   ->  Nested Loop  (cost=12736286.90..12740696.61 rows=1175 width=51) (actual time=22466.102..22554.763 rows=1816 loops=1)
         Join Filter: (supplier.s_nationkey = nation.n_nationkey)
         Rows Removed by Join Filter: 42911
         Buffers: shared hit=2724228 read=383290 dirtied=4448 written=197
         ->  Seq Scan on nation  (cost=0.00..1.31 rows=1 width=4) (actual time=0.017..0.027 rows=1 loops=1)
               Filter: (n_name = 'ROMANIA'::bpchar)
               Rows Removed by Filter: 24
               Buffers: shared hit=1
         ->  Hash Semi Join  (cost=12736286.90..12740328.26 rows=29363 width=55) (actual time=22466.047..22549.798 rows=44727 loops=1)
               Hash Cond: (supplier.s_suppkey = partsupp.ps_suppkey)
               Buffers: shared hit=2724227 read=383290 dirtied=4448 written=197
               ->  Seq Scan on supplier  (cost=0.00..3179.00 rows=100000 width=59) (actual time=0.029..32.739 rows=100000 loops=1)
                     Buffers: shared hit=2179
               ->  Hash  (cost=12735919.86..12735919.86 rows=29363 width=4) (actual time=22465.949..22465.949 rows=44727 loops=1)
                     Buckets: 4096  Batches: 1  Memory Usage: 1573kB
                     Buffers: shared hit=2722048 read=383290 dirtied=4448 written=197
                     ->  HashAggregate  (cost=12735332.60..12735626.23 rows=29363 width=4) (actual time=22421.022..22448.677 rows=44727 loops=1)
                           Buffers: shared hit=2722048 read=383290 dirtied=4448 written=197
                           ->  Nested Loop  (cost=0.00..12735259.19 rows=29363 width=4) (actual time=1.812..22276.973 rows=59017 loops=1)
                                 Buffers: shared hit=2722048 read=383290 dirtied=4448 written=197
                                 ->  Seq Scan on part  (cost=0.00..65522.00 rows=22022 width=4) (actual time=0.138..1479.560 rows=21718 loops=1)
                                       Filter: ((p_name)::text ~~ 'olive%'::text)
                                       Rows Removed by Filter: 1978282
                                       Buffers: shared hit=15380 read=25142 written=23
                                 ->  Index Scan using pk_partsupp on partsupp  (cost=0.00..575.31 rows=1 width=8) (actual time=0.717..0.954 rows=3 loops=21718)
                                       Index Cond: (ps_partkey = part.p_partkey)
                                       Filter: ((ps_availqty)::double precision > (SubPlan 1))
                                       Rows Removed by Filter: 1
                                       Buffers: shared hit=2706668 read=358148 dirtied=4448 written=174
                                       SubPlan 1
                                         ->  Aggregate  (cost=140.92..140.94 rows=1 width=4) (actual time=0.223..0.223 rows=1 loops=86872)
                                               Buffers: shared hit=2638380 read=336662 dirtied=4448 written=163
                                               ->  Index Scan using lineitem_l_partkey_l_quantity_l_shipmode_idx on lineitem  (cost=0.00..140.92 rows=1 width=4) (actual time=0.138..0.220 rows=1 loops=86872)
                                                     Index Cond: (l_partkey = partsupp.ps_partkey)
                                                     Filter: ((l_shipdate >= '1996-01-01'::date) AND (l_shipdate < '1997-01-01'::date) AND (l_suppkey = partsupp.ps_suppkey))
                                                     Rows Removed by Filter: 29
                                                     Buffers: shared hit=2638380 read=336662 dirtied=4448 written=163
 Total runtime: 22571.095 ms
(42 rows)

COMMIT;
COMMIT
