BEGIN;
BEGIN
EXPLAIN (ANALYZE, BUFFERS)
select
	s_name,
	s_address
from
	supplier,
	nation
where
	s_suppkey in (
		select
			distinct (ps_suppkey)
		from
			partsupp,
			part
		where
			ps_partkey=p_partkey
			and p_name like 'green%'
			and ps_availqty > (
				select
					0.5 * sum(l_quantity)
				from
					lineitem
				where
					l_partkey = ps_partkey
					and l_suppkey = ps_suppkey
					and l_shipdate >= '1996-01-01'
					and l_shipdate < cast(date '1996-01-01' + interval '1 year' as date)
			)
	)
	and s_nationkey = n_nationkey
	and n_name = 'ALGERIA'
order by
	s_name;
                                                                                                  QUERY PLAN                                                                                                   
---------------------------------------------------------------------------------------------------------------------------------------------------------------------------------------------------------------
 Sort  (cost=12740756.53..12740759.47 rows=1175 width=51) (actual time=16120.811..16120.989 rows=1737 loops=1)
   Sort Key: supplier.s_name
   Sort Method: quicksort  Memory: 251kB
   Buffers: shared hit=2707397 read=373704 dirtied=781 written=386
   ->  Nested Loop  (cost=12736286.90..12740696.61 rows=1175 width=51) (actual time=15905.218..16104.571 rows=1737 loops=1)
         Join Filter: (supplier.s_nationkey = nation.n_nationkey)
         Rows Removed by Join Filter: 42709
         Buffers: shared hit=2707392 read=373704 dirtied=781 written=386
         ->  Seq Scan on nation  (cost=0.00..1.31 rows=1 width=4) (actual time=0.054..0.072 rows=1 loops=1)
               Filter: (n_name = 'ALGERIA'::bpchar)
               Rows Removed by Filter: 24
               Buffers: shared hit=1
         ->  Hash Semi Join  (cost=12736286.90..12740328.26 rows=29363 width=55) (actual time=15905.107..16096.296 rows=44446 loops=1)
               Hash Cond: (supplier.s_suppkey = partsupp.ps_suppkey)
               Buffers: shared hit=2707391 read=373704 dirtied=781 written=386
               ->  Seq Scan on supplier  (cost=0.00..3179.00 rows=100000 width=59) (actual time=0.020..70.239 rows=100000 loops=1)
                     Buffers: shared hit=3 read=2176
               ->  Hash  (cost=12735919.86..12735919.86 rows=29363 width=4) (actual time=15905.021..15905.021 rows=44446 loops=1)
                     Buckets: 4096  Batches: 1  Memory Usage: 1563kB
                     Buffers: shared hit=2707388 read=371528 dirtied=781 written=386
                     ->  HashAggregate  (cost=12735332.60..12735626.23 rows=29363 width=4) (actual time=15855.807..15886.342 rows=44446 loops=1)
                           Buffers: shared hit=2707388 read=371528 dirtied=781 written=386
                           ->  Nested Loop  (cost=0.00..12735259.19 rows=29363 width=4) (actual time=3.130..15738.189 rows=58598 loops=1)
                                 Buffers: shared hit=2707388 read=371528 dirtied=781 written=386
                                 ->  Seq Scan on part  (cost=0.00..65522.00 rows=22022 width=4) (actual time=0.016..1314.305 rows=21556 loops=1)
                                       Filter: ((p_name)::text ~~ 'green%'::text)
                                       Rows Removed by Filter: 1978444
                                       Buffers: shared hit=16 read=40506 written=36
                                 ->  Index Scan using pk_partsupp on partsupp  (cost=0.00..575.31 rows=1 width=8) (actual time=0.517..0.666 rows=3 loops=21556)
                                       Index Cond: (ps_partkey = part.p_partkey)
                                       Filter: ((ps_availqty)::double precision > (SubPlan 1))
                                       Rows Removed by Filter: 1
                                       Buffers: shared hit=2707372 read=331022 dirtied=781 written=350
                                       SubPlan 1
                                         ->  Aggregate  (cost=140.92..140.94 rows=1 width=4) (actual time=0.154..0.154 rows=1 loops=86224)
                                               Buffers: shared hit=2649184 read=300197 dirtied=781 written=339
                                               ->  Index Scan using lineitem_l_partkey_l_quantity_l_shipmode_idx on lineitem  (cost=0.00..140.92 rows=1 width=4) (actual time=0.096..0.151 rows=1 loops=86224)
                                                     Index Cond: (l_partkey = partsupp.ps_partkey)
                                                     Filter: ((l_shipdate >= '1996-01-01'::date) AND (l_shipdate < '1997-01-01'::date) AND (l_suppkey = partsupp.ps_suppkey))
                                                     Rows Removed by Filter: 29
                                                     Buffers: shared hit=2649184 read=300197 dirtied=781 written=339
 Total runtime: 16123.238 ms
(42 rows)

COMMIT;
COMMIT
