BEGIN;
BEGIN
EXPLAIN (ANALYZE, BUFFERS)
select
	s_name,
	s_address
from
	supplier,
	nation
where
	s_suppkey in (
		select
			distinct (ps_suppkey)
		from
			partsupp,
			part
		where
			ps_partkey=p_partkey
			and p_name like 'smoke%'
			and ps_availqty > (
				select
					0.5 * sum(l_quantity)
				from
					lineitem
				where
					l_partkey = ps_partkey
					and l_suppkey = ps_suppkey
					and l_shipdate >= '1997-01-01'
					and l_shipdate < cast(date '1997-01-01' + interval '1 year' as date)
			)
	)
	and s_nationkey = n_nationkey
	and n_name = 'JORDAN'
order by
	s_name;
                                                                                                  QUERY PLAN                                                                                                   
---------------------------------------------------------------------------------------------------------------------------------------------------------------------------------------------------------------
 Sort  (cost=12740756.53..12740759.47 rows=1175 width=51) (actual time=27988.597..27988.830 rows=1778 loops=1)
   Sort Key: supplier.s_name
   Sort Method: quicksort  Memory: 255kB
   Buffers: shared hit=2710355 read=394716 dirtied=4465 written=116
   ->  Nested Loop  (cost=12736286.90..12740696.61 rows=1175 width=51) (actual time=27632.068..27963.362 rows=1778 loops=1)
         Join Filter: (supplier.s_nationkey = nation.n_nationkey)
         Rows Removed by Join Filter: 42868
         Buffers: shared hit=2710350 read=394716 dirtied=4465 written=116
         ->  Seq Scan on nation  (cost=0.00..1.31 rows=1 width=4) (actual time=0.019..0.030 rows=1 loops=1)
               Filter: (n_name = 'JORDAN'::bpchar)
               Rows Removed by Filter: 24
               Buffers: shared hit=1
         ->  Hash Semi Join  (cost=12736286.90..12740328.26 rows=29363 width=55) (actual time=27631.783..27955.061 rows=44646 loops=1)
               Hash Cond: (supplier.s_suppkey = partsupp.ps_suppkey)
               Buffers: shared hit=2710349 read=394716 dirtied=4465 written=116
               ->  Seq Scan on supplier  (cost=0.00..3179.00 rows=100000 width=59) (actual time=0.033..67.454 rows=100000 loops=1)
                     Buffers: shared hit=2179
               ->  Hash  (cost=12735919.86..12735919.86 rows=29363 width=4) (actual time=27631.697..27631.697 rows=44646 loops=1)
                     Buckets: 4096  Batches: 1  Memory Usage: 1570kB
                     Buffers: shared hit=2708170 read=394716 dirtied=4465 written=116
                     ->  HashAggregate  (cost=12735332.60..12735626.23 rows=29363 width=4) (actual time=27584.969..27615.224 rows=44646 loops=1)
                           Buffers: shared hit=2708170 read=394716 dirtied=4465 written=116
                           ->  Nested Loop  (cost=0.00..12735259.19 rows=29363 width=4) (actual time=2.119..27438.755 rows=58858 loops=1)
                                 Buffers: shared hit=2708170 read=394716 dirtied=4465 written=116
                                 ->  Seq Scan on part  (cost=0.00..65522.00 rows=22022 width=4) (actual time=0.884..1875.290 rows=21658 loops=1)
                                       Filter: ((p_name)::text ~~ 'smoke%'::text)
                                       Rows Removed by Filter: 1978342
                                       Buffers: shared hit=2 read=40520 written=13
                                 ->  Index Scan using pk_partsupp on partsupp  (cost=0.00..575.31 rows=1 width=8) (actual time=0.864..1.176 rows=3 loops=21658)
                                       Index Cond: (ps_partkey = part.p_partkey)
                                       Filter: ((ps_availqty)::double precision > (SubPlan 1))
                                       Rows Removed by Filter: 1
                                       Buffers: shared hit=2708168 read=354196 dirtied=4465 written=103
                                       SubPlan 1
                                         ->  Aggregate  (cost=140.92..140.94 rows=1 width=4) (actual time=0.276..0.276 rows=1 loops=86632)
                                               Buffers: shared hit=2642848 read=330089 dirtied=4465 written=89
                                               ->  Index Scan using lineitem_l_partkey_l_quantity_l_shipmode_idx on lineitem  (cost=0.00..140.92 rows=1 width=4) (actual time=0.169..0.273 rows=1 loops=86632)
                                                     Index Cond: (l_partkey = partsupp.ps_partkey)
                                                     Filter: ((l_shipdate >= '1997-01-01'::date) AND (l_shipdate < '1998-01-01'::date) AND (l_suppkey = partsupp.ps_suppkey))
                                                     Rows Removed by Filter: 29
                                                     Buffers: shared hit=2642848 read=330089 dirtied=4465 written=89
 Total runtime: 27991.663 ms
(42 rows)

COMMIT;
COMMIT
