BEGIN;
BEGIN
EXPLAIN (ANALYZE, BUFFERS)
select
	sum(l_extendedprice* (1 - l_discount)) as revenue
from
	lineitem,
	part
where
	(
		p_partkey = l_partkey
		and p_brand = 'Brand#43'
		and p_container in ('SM CASE', 'SM BOX', 'SM PACK', 'SM PKG')
		and l_quantity >= 10 and l_quantity <= 10+10
		and p_size between 1 and 5
		and l_shipmode in ('AIR', 'AIR REG')
		and l_shipinstruct = 'DELIVER IN PERSON'
	)
	or
	(
		p_partkey = l_partkey
		and p_brand = 'Brand#55'
		and p_container in ('MED BAG', 'MED BOX', 'MED PKG', 'MED PACK')
		and l_quantity >= 16 and l_quantity <= 16+10
		and p_size between 1 and 10
		and l_shipmode in ('AIR', 'AIR REG')
		and l_shipinstruct = 'DELIVER IN PERSON'
	)
	or
	(
		p_partkey = l_partkey
		and p_brand = 'Brand#11'
		and p_container in ('LG CASE', 'LG BOX', 'LG PACK', 'LG PKG')
		and l_quantity >= 21 and l_quantity <= 21+10
		and p_size between 1 and 15
		and l_shipmode in ('AIR', 'AIR REG')
		and l_shipinstruct = 'DELIVER IN PERSON'
	);
                                                                                                                                                                                                                                                                                                                                                                                                                                                                                                                                                                                                        QUERY PLAN                                                                                                                                                                                                                                                                                                                                                                                                                                                                                                                                                                                                        
--------------------------------------------------------------------------------------------------------------------------------------------------------------------------------------------------------------------------------------------------------------------------------------------------------------------------------------------------------------------------------------------------------------------------------------------------------------------------------------------------------------------------------------------------------------------------------------------------------------------------------------------------------------------------------------------------------------------------------------------------------------------------------------------------------------------------------------------------------------------------------------------------------------------------------------------------------------------------------------------------------------------------------------------------------------------------------------------------------------------------------------------------------------------------------------------------------------------------
 Aggregate  (cost=419328.58..419328.59 rows=1 width=8) (actual time=1791.622..1791.622 rows=1 loops=1)
   Buffers: shared hit=92472 read=48594 dirtied=49
   ->  Nested Loop  (cost=13440.93..419320.98 rows=1014 width=8) (actual time=254.906..1790.083 rows=1086 loops=1)
         Buffers: shared hit=92472 read=48594 dirtied=49
         ->  Bitmap Heap Scan on part  (cost=13440.93..37574.17 rows=10379 width=30) (actual time=253.267..468.857 rows=10341 loops=1)
               Recheck Cond: (((p_container = ANY ('{"SM CASE","SM BOX","SM PACK","SM PKG"}'::bpchar[])) AND (p_brand = 'Brand#43'::bpchar) AND (p_size <= 5) AND (p_size >= 1)) OR ((p_container = ANY ('{"MED BAG","MED BOX","MED PKG","MED PACK"}'::bpchar[])) AND (p_brand = 'Brand#55'::bpchar) AND (p_size <= 10) AND (p_size >= 1)) OR ((p_container = ANY ('{"LG CASE","LG BOX","LG PACK","LG PKG"}'::bpchar[])) AND (p_brand = 'Brand#11'::bpchar)))
               Filter: (p_size >= 1)
               Buffers: shared hit=561 read=10447
               ->  BitmapOr  (cost=13440.93..13440.93 rows=10389 width=0) (actual time=250.856..250.856 rows=0 loops=1)
                     Buffers: shared hit=560 read=1264
                     ->  BitmapAnd  (cost=4460.40..4460.40 rows=792 width=0) (actual time=117.286..117.286 rows=0 loops=1)
                           Buffers: shared hit=4 read=606
                           ->  Bitmap Index Scan on part_p_container_p_brand_p_partkey_idx  (cost=0.00..289.29 rows=7981 width=0) (actual time=8.104..8.104 rows=7909 loops=1)
                                 Index Cond: ((p_container = ANY ('{"SM CASE","SM BOX","SM PACK","SM PKG"}'::bpchar[])) AND (p_brand = 'Brand#43'::bpchar))
                                 Buffers: shared hit=3 read=58
                           ->  Bitmap Index Scan on part_p_size_idx  (cost=0.00..4165.67 rows=198520 width=0) (actual time=103.963..103.963 rows=199678 loops=1)
                                 Index Cond: ((p_size <= 5) AND (p_size >= 1))
                                 Buffers: shared hit=1 read=548
                     ->  BitmapAnd  (cost=8688.48..8688.48 rows=1625 width=0) (actual time=128.081..128.081 rows=0 loops=1)
                           Buffers: shared hit=552 read=601
                           ->  Bitmap Index Scan on part_p_container_p_brand_p_partkey_idx  (cost=0.00..290.77 rows=8128 width=0) (actual time=5.098..5.098 rows=7853 loops=1)
                                 Index Cond: ((p_container = ANY ('{"MED BAG","MED BOX","MED PKG","MED PACK"}'::bpchar[])) AND (p_brand = 'Brand#55'::bpchar))
                                 Buffers: shared hit=4 read=55
                           ->  Bitmap Index Scan on part_p_size_idx  (cost=0.00..8392.27 rows=399980 width=0) (actual time=119.829..119.829 rows=399409 loops=1)
                                 Index Cond: ((p_size <= 10) AND (p_size >= 1))
                                 Buffers: shared hit=548 read=546
                     ->  Bitmap Index Scan on part_p_container_p_brand_p_partkey_idx  (cost=0.00..289.21 rows=7971 width=0) (actual time=4.931..4.931 rows=8011 loops=1)
                           Index Cond: ((p_container = ANY ('{"LG CASE","LG BOX","LG PACK","LG PKG"}'::bpchar[])) AND (p_brand = 'Brand#11'::bpchar))
                           Buffers: shared hit=4 read=57
         ->  Index Scan using lineitem_l_partkey_l_quantity_l_shipmode_idx on lineitem  (cost=0.00..36.77 rows=1 width=16) (actual time=0.116..0.122 rows=0 loops=10341)
               Index Cond: ((l_partkey = part.p_partkey) AND (l_shipmode = ANY ('{AIR,"AIR REG"}'::bpchar[])))
               Filter: ((l_shipinstruct = 'DELIVER IN PERSON'::bpchar) AND (((l_quantity >= 10::double precision) AND (l_quantity <= 20::double precision) AND (l_shipmode = ANY ('{AIR,"AIR REG"}'::bpchar[]))) OR ((l_quantity >= 16::double precision) AND (l_quantity <= 26::double precision) AND (l_shipmode = ANY ('{AIR,"AIR REG"}'::bpchar[]))) OR ((l_quantity >= 21::double precision) AND (l_quantity <= 31::double precision) AND (l_shipmode = ANY ('{AIR,"AIR REG"}'::bpchar[])))) AND (((part.p_brand = 'Brand#43'::bpchar) AND (part.p_container = ANY ('{"SM CASE","SM BOX","SM PACK","SM PKG"}'::bpchar[])) AND (l_quantity >= 10::double precision) AND (l_quantity <= 20::double precision) AND (part.p_size <= 5)) OR ((part.p_brand = 'Brand#55'::bpchar) AND (part.p_container = ANY ('{"MED BAG","MED BOX","MED PKG","MED PACK"}'::bpchar[])) AND (l_quantity >= 16::double precision) AND (l_quantity <= 26::double precision) AND (part.p_size <= 10)) OR ((part.p_brand = 'Brand#11'::bpchar) AND (part.p_container = ANY ('{"LG CASE","LG BOX","LG PACK","LG PKG"}'::bpchar[])) AND (l_quantity >= 21::double precision) AND (l_quantity <= 31::double precision) AND (part.p_size <= 15))))
               Rows Removed by Filter: 4
               Buffers: shared hit=91911 read=38147 dirtied=49
 Total runtime: 1792.214 ms
(35 rows)

COMMIT;
COMMIT
