BEGIN;
BEGIN
EXPLAIN (ANALYZE, BUFFERS)
select
	s_name,
	s_address
from
	supplier,
	nation
where
	s_suppkey in (
		select
			distinct (ps_suppkey)
		from
			partsupp,
			part
		where
			ps_partkey=p_partkey
			and p_name like 'medium%'
			and ps_availqty > (
				select
					0.5 * sum(l_quantity)
				from
					lineitem
				where
					l_partkey = ps_partkey
					and l_suppkey = ps_suppkey
					and l_shipdate >= '1994-01-01'
					and l_shipdate < cast(date '1994-01-01' + interval '1 year' as date)
			)
	)
	and s_nationkey = n_nationkey
	and n_name = 'SAUDI ARABIA'
order by
	s_name;
                                                                                               QUERY PLAN                                                                                                
---------------------------------------------------------------------------------------------------------------------------------------------------------------------------------------------------------
 Sort  (cost=11590897.80..11590900.47 rows=1068 width=51) (actual time=19086.688..19086.847 rows=1793 loops=1)
   Sort Key: supplier.s_name
   Sort Method: quicksort  Memory: 257kB
   Buffers: shared hit=2712543 read=395210 dirtied=611 written=129
   ->  Hash Semi Join  (cost=11588499.17..11590844.08 rows=1068 width=51) (actual time=19047.075..19077.740 rows=1793 loops=1)
         Hash Cond: (supplier.s_suppkey = partsupp.ps_suppkey)
         Buffers: shared hit=2712538 read=395210 dirtied=611 written=129
         ->  Nested Loop  (cost=79.26..2391.58 rows=4000 width=55) (actual time=3.802..28.999 rows=4010 loops=1)
               Buffers: shared hit=1842 read=14
               ->  Seq Scan on nation  (cost=0.00..1.31 rows=1 width=4) (actual time=0.020..0.028 rows=1 loops=1)
                     Filter: (n_name = 'SAUDI ARABIA'::bpchar)
                     Rows Removed by Filter: 24
                     Buffers: shared hit=1
               ->  Bitmap Heap Scan on supplier  (cost=79.26..2350.26 rows=4000 width=59) (actual time=3.774..27.510 rows=4010 loops=1)
                     Recheck Cond: (s_nationkey = nation.n_nationkey)
                     Buffers: shared hit=1841 read=14
                     ->  Bitmap Index Scan on supplier_s_nationkey_s_suppkey_idx  (cost=0.00..78.26 rows=4000 width=0) (actual time=3.341..3.341 rows=4010 loops=1)
                           Index Cond: (s_nationkey = nation.n_nationkey)
                           Buffers: shared read=14
         ->  Hash  (cost=11588086.25..11588086.25 rows=26693 width=4) (actual time=19043.164..19043.164 rows=44874 loops=1)
               Buckets: 4096  Batches: 1  Memory Usage: 1578kB
               Buffers: shared hit=2710696 read=395196 dirtied=611 written=129
               ->  HashAggregate  (cost=11587552.39..11587819.32 rows=26693 width=4) (actual time=19010.989..19032.606 rows=44874 loops=1)
                     Buffers: shared hit=2710696 read=395196 dirtied=611 written=129
                     ->  Nested Loop  (cost=0.00..11587485.66 rows=26693 width=4) (actual time=2.698..18879.942 rows=59147 loops=1)
                           Buffers: shared hit=2710696 read=395196 dirtied=611 written=129
                           ->  Seq Scan on part  (cost=0.00..65522.00 rows=20020 width=4) (actual time=0.032..1468.057 rows=21732 loops=1)
                                 Filter: ((p_name)::text ~~ 'medium%'::text)
                                 Rows Removed by Filter: 1978268
                                 Buffers: shared hit=520 read=40002 written=13
                           ->  Index Scan using pk_partsupp on partsupp  (cost=0.00..575.51 rows=1 width=8) (actual time=0.602..0.798 rows=3 loops=21732)
                                 Index Cond: (ps_partkey = part.p_partkey)
                                 Filter: ((ps_availqty)::double precision > (SubPlan 1))
                                 Rows Removed by Filter: 1
                                 Buffers: shared hit=2710176 read=355194 dirtied=611 written=116
                                 SubPlan 1
                                   ->  Aggregate  (cost=140.92..140.94 rows=1 width=4) (actual time=0.185..0.185 rows=1 loops=86928)
                                         Buffers: shared hit=2653721 read=321796 dirtied=611 written=115
                                         ->  Index Scan using lineitem_l_partkey_l_quantity_l_shipmode_idx on lineitem  (cost=0.00..140.92 rows=1 width=4) (actual time=0.116..0.182 rows=1 loops=86928)
                                               Index Cond: (l_partkey = partsupp.ps_partkey)
                                               Filter: ((l_shipdate >= '1994-01-01'::date) AND (l_shipdate < '1995-01-01'::date) AND (l_suppkey = partsupp.ps_suppkey))
                                               Rows Removed by Filter: 29
                                               Buffers: shared hit=2653721 read=321796 dirtied=611 written=115
 Total runtime: 19089.440 ms
(44 rows)

COMMIT;
COMMIT
