BEGIN;
BEGIN
EXPLAIN (ANALYZE, BUFFERS)
select
	supp_nation,
	cust_nation,
	l_year,
	sum(volume) as revenue
from
	(
		select
			n1.n_name as supp_nation,
			n2.n_name as cust_nation,
			extract(year from l_shipdate) as l_year,
			l_extendedprice * (1 - l_discount) as volume
		from
			supplier,
			lineitem,
			orders,
			customer,
			nation n1,
			nation n2
		where
			s_suppkey = l_suppkey
			and o_orderkey = l_orderkey
			and c_custkey = o_custkey
			and s_nationkey = n1.n_nationkey
			and c_nationkey = n2.n_nationkey
			and (
				(n1.n_name = 'CHINA' and n2.n_name = 'GERMANY')
				or (n1.n_name = 'GERMANY' and n2.n_name = 'CHINA')
			)
			and l_shipdate between date '1995-01-01' and date '1996-12-31'
	) as shipping
group by
	supp_nation,
	cust_nation,
	l_year
order by
	supp_nation,
	cust_nation,
	l_year;
                                                                                                 QUERY PLAN                                                                                                  
-------------------------------------------------------------------------------------------------------------------------------------------------------------------------------------------------------------
 GroupAggregate  (cost=2376162.74..2378081.21 rows=59030 width=64) (actual time=98940.647..98973.423 rows=4 loops=1)
   Buffers: shared hit=751111 read=690204 written=15506
   ->  Sort  (cost=2376162.74..2376310.31 rows=59030 width=64) (actual time=98929.337..98939.437 rows=58731 loops=1)
         Sort Key: n1.n_name, n2.n_name, (date_part('year'::text, (lineitem.l_shipdate)::timestamp without time zone))
         Sort Method: quicksort  Memory: 9796kB
         Buffers: shared hit=751111 read=690204 written=15506
         ->  Hash Join  (cost=901981.51..2371484.86 rows=59030 width=64) (actual time=46994.302..98600.037 rows=58731 loops=1)
               Hash Cond: ((lineitem.l_suppkey = supplier.s_suppkey) AND (n1.n_nationkey = supplier.s_nationkey))
               Buffers: shared hit=751103 read=690204 written=15506
               ->  Hash Join  (cost=897302.51..2336405.29 rows=1475756 width=72) (actual time=46826.140..94869.383 rows=1467418 loops=1)
                     Hash Cond: (lineitem.l_orderkey = orders.o_orderkey)
                     Buffers: shared hit=748921 read=690204 written=15506
                     ->  Bitmap Heap Scan on lineitem  (cost=389331.44..1744445.21 rows=18461718 width=20) (actual time=16426.354..40473.180 rows=18246746 loops=1)
                           Recheck Cond: ((l_shipdate >= '1995-01-01'::date) AND (l_shipdate <= '1996-12-31'::date))
                           Buffers: shared hit=459622 read=664763 written=13925
                           ->  Bitmap Index Scan on lineitem_l_shipdate_l_suppkey__idx  (cost=0.00..384716.01 rows=18461718 width=0) (actual time=15768.471..15768.471 rows=18448242 loops=1)
                                 Index Cond: ((l_shipdate >= '1995-01-01'::date) AND (l_shipdate <= '1996-12-31'::date))
                                 Buffers: shared hit=3 read=49812 written=11
                     ->  Hash  (cost=492803.29..492803.29 rows=1213423 width=60) (actual time=30398.949..30398.949 rows=1205535 loops=1)
                           Buckets: 131072  Batches: 1  Memory Usage: 108310kB
                           Buffers: shared hit=289299 read=25441 written=1581
                           ->  Hash Join  (cost=15638.06..492803.29 rows=1213423 width=60) (actual time=617.881..28515.374 rows=1205535 loops=1)
                                 Hash Cond: (orders.o_custkey = customer.c_custkey)
                                 Buffers: shared hit=289299 read=25441 written=1581
                                 ->  Seq Scan on orders  (cost=0.00..408106.27 rows=15179927 width=8) (actual time=0.020..6487.313 rows=15015000 loops=1)
                                       Buffers: shared hit=231032 read=25275 written=1581
                                 ->  Hash  (cost=14139.26..14139.26 rows=119904 width=60) (actual time=617.699..617.699 rows=120218 loops=1)
                                       Buckets: 16384  Batches: 1  Memory Usage: 10801kB
                                       Buffers: shared hit=58267 read=166
                                       ->  Nested Loop  (cost=905.09..14139.26 rows=119904 width=60) (actual time=17.605..536.107 rows=120218 loops=1)
                                             Buffers: shared hit=58267 read=166
                                             ->  Nested Loop  (cost=0.00..28.00 rows=2 width=60) (actual time=0.160..0.415 rows=2 loops=1)
                                                   Join Filter: (((n1.n_name = 'CHINA'::bpchar) AND (n2.n_name = 'GERMANY'::bpchar)) OR ((n1.n_name = 'GERMANY'::bpchar) AND (n2.n_name = 'CHINA'::bpchar)))
                                                   Rows Removed by Join Filter: 623
                                                   Buffers: shared hit=3
                                                   ->  Index Scan using pk_nation on nation n1  (cost=0.00..12.63 rows=25 width=30) (actual time=0.025..0.045 rows=25 loops=1)
                                                         Buffers: shared hit=2
                                                   ->  Materialize  (cost=0.00..1.38 rows=25 width=30) (actual time=0.001..0.003 rows=25 loops=25)
                                                         Buffers: shared hit=1
                                                         ->  Seq Scan on nation n2  (cost=0.00..1.25 rows=25 width=30) (actual time=0.007..0.011 rows=25 loops=1)
                                                               Buffers: shared hit=1
                                             ->  Bitmap Heap Scan on customer  (cost=905.09..6455.63 rows=60000 width=8) (actual time=22.815..247.291 rows=60109 loops=2)
                                                   Recheck Cond: (c_nationkey = n2.n_nationkey)
                                                   Buffers: shared hit=58264 read=166
                                                   ->  Bitmap Index Scan on customer_c_nationkey_c_custkey_idx  (cost=0.00..890.09 rows=60000 width=0) (actual time=15.297..15.297 rows=60109 loops=2)
                                                         Index Cond: (c_nationkey = n2.n_nationkey)
                                                         Buffers: shared hit=169 read=166
               ->  Hash  (cost=3179.00..3179.00 rows=100000 width=8) (actual time=165.234..165.234 rows=100000 loops=1)
                     Buckets: 16384  Batches: 1  Memory Usage: 3907kB
                     Buffers: shared hit=2179
                     ->  Seq Scan on supplier  (cost=0.00..3179.00 rows=100000 width=8) (actual time=0.007..119.667 rows=100000 loops=1)
                           Buffers: shared hit=2179
 Total runtime: 99006.982 ms
(53 rows)

COMMIT;
COMMIT
